[debug] [2023-06-30T07:37:36.116Z] ----------------------------------------------------------------------
[debug] [2023-06-30T07:37:36.118Z] Command:       C:\Program Files\nodejs\node.exe C:\Users\User\AppData\Roaming\npm\node_modules\firebase-tools\lib\bin\firebase.js deploy
[debug] [2023-06-30T07:37:36.118Z] CLI Version:   12.4.0
[debug] [2023-06-30T07:37:36.118Z] Platform:      win32
[debug] [2023-06-30T07:37:36.118Z] Node Version:  v18.16.0
[debug] [2023-06-30T07:37:36.119Z] Time:          Fri Jun 30 2023 13:07:36 GMT+0530 (India Standard Time)
[debug] [2023-06-30T07:37:36.119Z] ----------------------------------------------------------------------
[debug] 
[debug] [2023-06-30T07:37:36.123Z] >>> [apiv2][query] GET https://firebase-public.firebaseio.com/cli.json [none]
[debug] [2023-06-30T07:37:36.247Z] > command requires scopes: ["email","openid","https://www.googleapis.com/auth/cloudplatformprojects.readonly","https://www.googleapis.com/auth/firebase","https://www.googleapis.com/auth/cloud-platform"]
[debug] [2023-06-30T07:37:36.247Z] > authorizing via signed-in user (ragavimuthu.ug.21.cs@francisxavier.ac.in)
[debug] [2023-06-30T07:37:36.248Z] [iam] checking project digisailor-website for permissions ["firebase.projects.get","firebasehosting.sites.update"]
[debug] [2023-06-30T07:37:36.249Z] > refreshing access token with scopes: []
[debug] [2023-06-30T07:37:36.250Z] >>> [apiv2][query] POST https://www.googleapis.com/oauth2/v3/token [none]
[debug] [2023-06-30T07:37:36.250Z] >>> [apiv2][body] POST https://www.googleapis.com/oauth2/v3/token [omitted]
[warn] !  Unable to fetch the CLI MOTD and remote config. 
[debug] [2023-06-30T07:37:36.262Z] Failed to fetch MOTD FirebaseError: Failed to make request to https://firebase-public.firebaseio.com/cli.json
[debug] [2023-06-30T07:37:36.262Z] [iam] error while checking permissions, command may fail: FirebaseError: Authentication Error: Your credentials are no longer valid. Please run firebase login --reauth

For CI servers and headless environments, generate a new token with firebase login:ci
[debug] [2023-06-30T07:37:36.263Z] > refreshing access token with scopes: []
[debug] [2023-06-30T07:37:36.263Z] >>> [apiv2][query] POST https://www.googleapis.com/oauth2/v3/token [none]
[debug] [2023-06-30T07:37:36.263Z] >>> [apiv2][body] POST https://www.googleapis.com/oauth2/v3/token [omitted]
[debug] [2023-06-30T07:37:36.275Z] Authentication Error: Your credentials are no longer valid. Please run firebase login --reauth

For CI servers and headless environments, generate a new token with firebase login:ci
[debug] [2023-06-30T07:37:36.312Z] FirebaseError: Authentication Error: Your credentials are no longer valid. Please run firebase login --reauth

For CI servers and headless environments, generate a new token with firebase login:ci
    at invalidCredentialError (C:\Users\User\AppData\Roaming\npm\node_modules\firebase-tools\lib\auth.js:144:12)
    at refreshTokens (C:\Users\User\AppData\Roaming\npm\node_modules\firebase-tools\lib\auth.js:508:15)
    at process.processTicksAndRejections (node:internal/process/task_queues:95:5)
    at async Client.getAccessToken (C:\Users\User\AppData\Roaming\npm\node_modules\firebase-tools\lib\apiv2.js:149:23)
    at async Client.addAuthHeader (C:\Users\User\AppData\Roaming\npm\node_modules\firebase-tools\lib\apiv2.js:140:21)
    at async Client.request (C:\Users\User\AppData\Roaming\npm\node_modules\firebase-tools\lib\apiv2.js:96:34)
    at async getFirebaseProject (C:\Users\User\AppData\Roaming\npm\node_modules\firebase-tools\lib\management\projects.js:295:21)
    at async getDefaultHostingSite (C:\Users\User\AppData\Roaming\npm\node_modules\firebase-tools\lib\getDefaultHostingSite.js:10:21)
    at async requireHostingSite (C:\Users\User\AppData\Roaming\npm\node_modules\firebase-tools\lib\requireHostingSite.js:9:18)
    at async Object.fn (C:\Users\User\AppData\Roaming\npm\node_modules\firebase-tools\lib\commands\deploy.js:74:9)
[error] 
[error] Error: Failed to get Firebase project digisailor-website. Please make sure the project exists and your account has permission to access it.
